[15-Mar-2018 20:41:09] NOTICE: fpm is running, pid 15
[15-Mar-2018 20:41:09] NOTICE: ready to handle connections
[19-Mar-2018 12:46:21] NOTICE: fpm is running, pid 8
[19-Mar-2018 12:46:21] NOTICE: ready to handle connections
[21-Mar-2018 13:42:41] NOTICE: fpm is running, pid 8
[21-Mar-2018 13:42:41] NOTICE: ready to handle connections
[26-Mar-2018 14:52:55] NOTICE: fpm is running, pid 8
[26-Mar-2018 14:52:55] NOTICE: ready to handle connections
[02-Apr-2018 15:43:13] NOTICE: fpm is running, pid 8
[02-Apr-2018 15:43:13] NOTICE: ready to handle connections
[09-Apr-2018 16:49:26] NOTICE: fpm is running, pid 8
[09-Apr-2018 16:49:26] NOTICE: ready to handle connections
[16-Apr-2018 17:40:01] NOTICE: fpm is running, pid 8
[16-Apr-2018 17:40:01] NOTICE: ready to handle connections
[18-Apr-2018 17:42:50] NOTICE: fpm is running, pid 11
[18-Apr-2018 17:42:50] NOTICE: ready to handle connections
[20-Apr-2018 18:43:41] NOTICE: fpm is running, pid 8
[20-Apr-2018 18:43:41] NOTICE: ready to handle connections
[23-Apr-2018 13:01:18] NOTICE: fpm is running, pid 8
[23-Apr-2018 13:01:18] NOTICE: ready to handle connections
[24-Apr-2018 19:13:53] NOTICE: fpm is running, pid 8
[24-Apr-2018 19:13:53] NOTICE: ready to handle connections
[25-Apr-2018 13:58:59] NOTICE: fpm is running, pid 8
[25-Apr-2018 13:58:59] NOTICE: ready to handle connections
[25-Apr-2018 17:07:31] NOTICE: fpm is running, pid 8
[25-Apr-2018 17:07:31] NOTICE: ready to handle connections
[25-Apr-2018 18:01:20] NOTICE: fpm is running, pid 8
[25-Apr-2018 18:01:20] NOTICE: ready to handle connections
[26-Apr-2018 13:07:17] NOTICE: fpm is running, pid 12
[26-Apr-2018 13:07:17] NOTICE: ready to handle connections
[30-Apr-2018 16:07:32] NOTICE: fpm is running, pid 8
[30-Apr-2018 16:07:32] NOTICE: ready to handle connections
[01-May-2018 12:43:01] NOTICE: fpm is running, pid 13
[01-May-2018 12:43:01] NOTICE: ready to handle connections
[01-May-2018 13:28:31] NOTICE: fpm is running, pid 8
[01-May-2018 13:28:31] NOTICE: ready to handle connections
[01-May-2018 15:00:42] NOTICE: fpm is running, pid 12
[01-May-2018 15:00:42] NOTICE: ready to handle connections
[01-May-2018 17:59:14] NOTICE: fpm is running, pid 8
[01-May-2018 17:59:14] NOTICE: ready to handle connections
[03-May-2018 13:09:31] NOTICE: fpm is running, pid 11
[03-May-2018 13:09:31] NOTICE: ready to handle connections
[14-May-2018 20:27:47] NOTICE: fpm is running, pid 8
[14-May-2018 20:27:47] NOTICE: ready to handle connections
[30-May-2018 16:58:21] NOTICE: fpm is running, pid 8
[30-May-2018 16:58:22] NOTICE: ready to handle connections
[30-May-2018 20:35:42] NOTICE: fpm is running, pid 11
[30-May-2018 20:35:42] NOTICE: ready to handle connections
[13-Jun-2018 20:30:09] NOTICE: fpm is running, pid 8
[13-Jun-2018 20:30:09] NOTICE: ready to handle connections
[14-Jun-2018 17:45:15] NOTICE: fpm is running, pid 8
[14-Jun-2018 17:45:15] NOTICE: ready to handle connections
[15-Jun-2018 16:30:05] NOTICE: fpm is running, pid 8
[15-Jun-2018 16:30:05] NOTICE: ready to handle connections
[20-Jun-2018 15:13:06] NOTICE: fpm is running, pid 8
[20-Jun-2018 15:13:06] NOTICE: ready to handle connections
[25-Jun-2018 20:22:32] NOTICE: fpm is running, pid 10
[25-Jun-2018 20:22:32] NOTICE: ready to handle connections
[27-Jun-2018 13:45:42] NOTICE: fpm is running, pid 8
[27-Jun-2018 13:45:42] NOTICE: ready to handle connections
[29-Jun-2018 13:15:43] NOTICE: fpm is running, pid 8
[29-Jun-2018 13:15:43] NOTICE: ready to handle connections
[02-Jul-2018 17:03:22] NOTICE: fpm is running, pid 11
[02-Jul-2018 17:03:23] NOTICE: ready to handle connections
[02-Jul-2018 18:35:11] NOTICE: fpm is running, pid 8
[02-Jul-2018 18:35:11] NOTICE: ready to handle connections
[05-Jul-2018 13:12:47] NOTICE: fpm is running, pid 8
[05-Jul-2018 13:12:47] NOTICE: ready to handle connections
[10-Jul-2018 13:22:40] NOTICE: fpm is running, pid 8
[10-Jul-2018 13:22:40] NOTICE: ready to handle connections
[10-Jul-2018 18:06:56] NOTICE: fpm is running, pid 8
[10-Jul-2018 18:06:56] NOTICE: ready to handle connections
[13-Jul-2018 20:45:23] NOTICE: fpm is running, pid 8
[13-Jul-2018 20:45:23] NOTICE: ready to handle connections
[16-Jul-2018 19:09:20] NOTICE: fpm is running, pid 9
[16-Jul-2018 19:09:20] NOTICE: ready to handle connections
[17-Jul-2018 16:50:19] NOTICE: fpm is running, pid 11
[17-Jul-2018 16:50:19] NOTICE: ready to handle connections
[18-Jul-2018 18:19:05] NOTICE: fpm is running, pid 8
[18-Jul-2018 18:19:05] NOTICE: ready to handle connections
[20-Jul-2018 15:03:48] NOTICE: fpm is running, pid 12
[20-Jul-2018 15:03:49] NOTICE: ready to handle connections
[20-Jul-2018 20:22:45] NOTICE: fpm is running, pid 8
[20-Jul-2018 20:22:45] NOTICE: ready to handle connections
[23-Jul-2018 15:46:46] NOTICE: fpm is running, pid 8
[23-Jul-2018 15:46:46] NOTICE: ready to handle connections
[30-Jul-2018 23:55:58] NOTICE: fpm is running, pid 8
[30-Jul-2018 23:55:58] NOTICE: ready to handle connections
[31-Jul-2018 15:37:23] NOTICE: fpm is running, pid 8
[31-Jul-2018 15:37:23] NOTICE: ready to handle connections
[03-Aug-2018 13:23:49] NOTICE: fpm is running, pid 8
[03-Aug-2018 13:23:49] NOTICE: ready to handle connections
[07-Aug-2018 23:52:34] NOTICE: fpm is running, pid 8
[07-Aug-2018 23:52:34] NOTICE: ready to handle connections
[18-Aug-2018 22:59:24] NOTICE: fpm is running, pid 8
[18-Aug-2018 22:59:24] NOTICE: ready to handle connections
[03-Sep-2018 19:49:27] NOTICE: fpm is running, pid 8
[03-Sep-2018 19:49:27] NOTICE: ready to handle connections
[05-Sep-2018 20:50:48] NOTICE: fpm is running, pid 8
[05-Sep-2018 20:50:48] NOTICE: ready to handle connections
[07-Sep-2018 12:53:31] NOTICE: fpm is running, pid 15
[07-Sep-2018 12:53:31] NOTICE: ready to handle connections
[07-Sep-2018 19:40:24] NOTICE: fpm is running, pid 8
[07-Sep-2018 19:40:24] NOTICE: ready to handle connections
[11-Sep-2018 14:31:51] NOTICE: fpm is running, pid 10
[11-Sep-2018 14:31:51] NOTICE: ready to handle connections
[12-Sep-2018 20:50:33] NOTICE: fpm is running, pid 8
[12-Sep-2018 20:50:33] NOTICE: ready to handle connections
